[2025-04-21 02:12:07] [INFO] Creation du thread serveur tcp !
[2025-04-21 02:12:09] [DEBUG] |-->C localhost 40006 François
[2025-04-21 02:12:09] [DEBUG] <--|I 3 (François)
[2025-04-21 02:12:09] [INFO] The François user ID is :3
[2025-04-21 02:12:09] [DEBUG] <--|L Abgail Daniel Charles François
[2025-04-21 02:12:12] [DEBUG] <--|D 3 11 4 (inspector Gregson, Mary Morstan, inspector Baynes)
[2025-04-21 02:12:12] [DEBUG] <--|V 3 0 0 (François, Sebastian Moran)
[2025-04-21 02:12:12] [DEBUG] <--|V 3 1 1 (François, irene Adler)
[2025-04-21 02:12:12] [DEBUG] <--|V 3 2 1 (François, inspector Lestrade)
[2025-04-21 02:12:12] [DEBUG] <--|V 3 3 2 (François, inspector Gregson)
[2025-04-21 02:12:12] [DEBUG] <--|V 3 4 2 (François, inspector Baynes)
[2025-04-21 02:12:12] [DEBUG] <--|V 3 5 1 (François, inspector Bradstreet)
[2025-04-21 02:12:13] [DEBUG] <--|V 3 6 0 (François, inspector Hopkins)
[2025-04-21 02:12:13] [DEBUG] <--|V 3 7 0 (François, Sherlock Holmes)
[2025-04-21 02:12:13] [DEBUG] <--|M 0 (Abgail)
[2025-04-21 02:12:34] [DEBUG] <--|M 1 (Daniel)
[2025-04-21 02:13:06] [DEBUG] <--|M 2 (Charles)
[2025-04-21 02:13:16] [DEBUG] <--|E 2 4 (Charles, inspector Baynes)
[2025-04-21 02:13:16] [INFO] Charles is eliminated! inspector Baynes wasn't guilty!
[2025-04-21 02:13:16] [DEBUG] <--|M 3 (François)
[2025-04-21 02:13:53] [INFO] Played! joueur=-1 objet=-1 guilt=9
[2025-04-21 02:13:53] [DEBUG] |-->G 3 9 (François, Mycroft Holmes)
[2025-04-21 02:13:53] [DEBUG] <--|W 3 9 (François, Mycroft Holmes)
[2025-04-21 02:13:53] [INFO] Dear François, You win!     The guilty person was Mycroft Holmes!
[2025-04-21 02:13:53] [INFO] =============End of the game=============
[2025-04-21 02:14:05] [DEBUG] |-->R 3
[2025-04-21 02:14:05] [DEBUG] <--|R 3 (François)
[2025-04-21 02:14:18] [DEBUG] <--|R 1 (Daniel)
[2025-04-21 02:14:27] [DEBUG] <--|R 2 (Charles)
[2025-04-21 02:14:31] [DEBUG] <--|R 0 (Abgail)
[2025-04-21 02:14:34] [DEBUG] <--|D 2 0 9 (inspector Lestrade, Sebastian Moran, Mycroft Holmes)
[2025-04-21 02:14:34] [DEBUG] <--|V 3 0 1 (François, Sebastian Moran)
[2025-04-21 02:14:34] [DEBUG] <--|V 3 1 1 (François, irene Adler)
[2025-04-21 02:14:34] [DEBUG] <--|V 3 2 1 (François, inspector Lestrade)
[2025-04-21 02:14:34] [DEBUG] <--|V 3 3 1 (François, inspector Gregson)
[2025-04-21 02:14:34] [DEBUG] <--|V 3 4 2 (François, inspector Baynes)
[2025-04-21 02:14:34] [DEBUG] <--|V 3 5 0 (François, inspector Bradstreet)
[2025-04-21 02:14:35] [DEBUG] <--|V 3 6 1 (François, inspector Hopkins)
[2025-04-21 02:14:35] [DEBUG] <--|V 3 7 1 (François, Sherlock Holmes)
[2025-04-21 02:14:35] [DEBUG] <--|M 0 (Abgail)
[2025-04-21 02:14:56] [DEBUG] <--|W 0 7 (Abgail, Sherlock Holmes)
[2025-04-21 02:14:56] [INFO] Dear François, You lose!    The guilty person was Sherlock Holmes!     Winner : Abgail
[2025-04-21 02:14:56] [INFO] =============End of the game=============
[2025-04-21 02:14:57] [DEBUG] <--|R 0 (Abgail)
[2025-04-21 02:14:59] [DEBUG] <--|R 2 (Charles)
[2025-04-21 02:15:01] [DEBUG] |-->R 3
[2025-04-21 02:15:01] [DEBUG] <--|R 3 (François)
[2025-04-21 02:15:04] [DEBUG] <--|R 1 (Daniel)
[2025-04-21 02:15:07] [DEBUG] <--|D 1 6 2 (irene Adler, inspector Hopkins, inspector Lestrade)
[2025-04-21 02:15:07] [DEBUG] <--|V 3 0 1 (François, Sebastian Moran)
[2025-04-21 02:15:07] [DEBUG] <--|V 3 1 1 (François, irene Adler)
[2025-04-21 02:15:07] [DEBUG] <--|V 3 2 0 (François, inspector Lestrade)
[2025-04-21 02:15:07] [DEBUG] <--|V 3 3 2 (François, inspector Gregson)
[2025-04-21 02:15:07] [DEBUG] <--|V 3 4 1 (François, inspector Baynes)
[2025-04-21 02:15:08] [DEBUG] <--|V 3 5 1 (François, inspector Bradstreet)
[2025-04-21 02:15:08] [DEBUG] <--|V 3 6 2 (François, inspector Hopkins)
[2025-04-21 02:15:08] [DEBUG] <--|V 3 7 1 (François, Sherlock Holmes)
[2025-04-21 02:15:08] [DEBUG] <--|M 0 (Abgail)
[2025-04-21 02:15:12] [DEBUG] <--|W 0 4 (Abgail, inspector Baynes)
[2025-04-21 02:15:12] [INFO] Dear François, You lose!    The guilty person was inspector Baynes!     Winner : Abgail
[2025-04-21 02:15:12] [INFO] =============End of the game=============
