[2025-04-21 02:11:31] [INFO] Server started on port 30000
[2025-04-21 02:11:31] [INFO] Waiting for clients to connect...
[2025-04-21 02:11:31] [INFO] Deck shuffled and table created
[2025-04-21 02:11:35] [DEBUG] <--|PKG 127.0.0.1:58428	Data: [C localhost 40000 Abgail
]
[2025-04-21 02:11:35] [INFO] COM=C ipAddress=localhost port=40000 name=Abgail
[2025-04-21 02:11:35] [DEBUG] |-->I 0 (Abgail)
[2025-04-21 02:11:35] [DEBUG] |##>L Abgail - - -
[2025-04-21 02:11:38] [DEBUG] <--|PKG 127.0.0.1:58434	Data: [C localhost 40004 Daniel
]
[2025-04-21 02:11:38] [INFO] COM=C ipAddress=localhost port=40004 name=Daniel
[2025-04-21 02:11:38] [DEBUG] |-->I 1 (Daniel)
[2025-04-21 02:11:38] [DEBUG] |##>L Abgail Daniel - -
[2025-04-21 02:11:42] [DEBUG] <--|PKG 127.0.0.1:47930	Data: [C localhost 40003 Charles
]
[2025-04-21 02:11:42] [INFO] COM=C ipAddress=localhost port=40003 name=Charles
[2025-04-21 02:11:42] [DEBUG] |-->I 2 (Charles)
[2025-04-21 02:11:42] [DEBUG] |##>L Abgail Daniel Charles -
[2025-04-21 02:12:09] [DEBUG] <--|PKG 127.0.0.1:49636	Data: [C localhost 40006 François
]
[2025-04-21 02:12:09] [INFO] COM=C ipAddress=localhost port=40006 name=François
[2025-04-21 02:12:09] [DEBUG] |-->I 3 (François)
[2025-04-21 02:12:09] [DEBUG] |##>L Abgail Daniel Charles François
[2025-04-21 02:12:09] [DEBUG] |-->D 8 0 1
[2025-04-21 02:12:09] [DEBUG] |-->V 0 0 1
[2025-04-21 02:12:09] [DEBUG] |-->V 0 1 1
[2025-04-21 02:12:09] [DEBUG] |-->V 0 2 2
[2025-04-21 02:12:09] [DEBUG] |-->V 0 3 0
[2025-04-21 02:12:09] [DEBUG] |-->V 0 4 0
[2025-04-21 02:12:09] [DEBUG] |-->V 0 5 1
[2025-04-21 02:12:10] [DEBUG] |-->V 0 6 1
[2025-04-21 02:12:10] [DEBUG] |-->V 0 7 2
[2025-04-21 02:12:10] [DEBUG] |-->D 10 12 6
[2025-04-21 02:12:10] [DEBUG] |-->V 1 0 2
[2025-04-21 02:12:10] [DEBUG] |-->V 1 1 1
[2025-04-21 02:12:10] [DEBUG] |-->V 1 2 0
[2025-04-21 02:12:10] [DEBUG] |-->V 1 3 1
[2025-04-21 02:12:10] [DEBUG] |-->V 1 4 0
[2025-04-21 02:12:10] [DEBUG] |-->V 1 5 1
[2025-04-21 02:12:10] [DEBUG] |-->V 1 6 1
[2025-04-21 02:12:11] [DEBUG] |-->V 1 7 1
[2025-04-21 02:12:11] [DEBUG] |-->D 2 5 7
[2025-04-21 02:12:11] [DEBUG] |-->V 2 0 1
[2025-04-21 02:12:11] [DEBUG] |-->V 2 1 1
[2025-04-21 02:12:11] [DEBUG] |-->V 2 2 2
[2025-04-21 02:12:11] [DEBUG] |-->V 2 3 2
[2025-04-21 02:12:11] [DEBUG] |-->V 2 4 1
[2025-04-21 02:12:11] [DEBUG] |-->V 2 5 0
[2025-04-21 02:12:12] [DEBUG] |-->V 2 6 1
[2025-04-21 02:12:12] [DEBUG] |-->V 2 7 0
[2025-04-21 02:12:12] [DEBUG] |-->D 3 11 4
[2025-04-21 02:12:12] [DEBUG] |-->V 3 0 0
[2025-04-21 02:12:12] [DEBUG] |-->V 3 1 1
[2025-04-21 02:12:12] [DEBUG] |-->V 3 2 1
[2025-04-21 02:12:12] [DEBUG] |-->V 3 3 2
[2025-04-21 02:12:12] [DEBUG] |-->V 3 4 2
[2025-04-21 02:12:12] [DEBUG] |-->V 3 5 1
[2025-04-21 02:12:13] [DEBUG] |-->V 3 6 0
[2025-04-21 02:12:13] [DEBUG] |-->V 3 7 0
[2025-04-21 02:12:13] [DEBUG] |##>M 0
[2025-04-21 02:12:13] [INFO] __________________Game started__________________
[2025-04-21 02:12:34] [DEBUG] <--|PKG 127.0.0.1:48878	Data: [S 0 2 4
]
[2025-04-21 02:12:34] [DEBUG] -------------New msg-------------
[2025-04-21 02:12:34] [DEBUG] <--|S 0 2 4
[2025-04-21 02:12:34] [DEBUG] |-->V 2 4 1
[2025-04-21 02:13:06] [DEBUG] <--|PKG 127.0.0.1:49898	Data: [O 1 2
]
[2025-04-21 02:13:06] [DEBUG] -------------New msg-------------
[2025-04-21 02:13:06] [DEBUG] |-->V 0 2 2
[2025-04-21 02:13:06] [DEBUG] |-->V 2 2 2
[2025-04-21 02:13:06] [DEBUG] |-->V 3 2 1
[2025-04-21 02:13:06] [DEBUG] |##> M 2
[2025-04-21 02:13:16] [DEBUG] <--|PKG 127.0.0.1:37532	Data: [G 2 4
]
[2025-04-21 02:13:16] [DEBUG] -------------New msg-------------
[2025-04-21 02:13:16] [DEBUG] <--|G 2 4 (Charles, inspector Baynes)
[2025-04-21 02:13:16] [DEBUG] |##>E 2 4 (Charles, inspector Baynes)
[2025-04-21 02:13:16] [INFO] Eliminated player 2 (Charles, inspector Baynes)
[2025-04-21 02:13:16] [DEBUG] |##>M 3
[2025-04-21 02:13:53] [DEBUG] <--|PKG 127.0.0.1:47150	Data: [G 3 9
]
[2025-04-21 02:13:53] [DEBUG] -------------New msg-------------
[2025-04-21 02:13:53] [DEBUG] <--|G 3 9 (François, Mycroft Holmes)
[2025-04-21 02:13:53] [INFO] Player 3 (François, Mycroft Holmes) found the guilty person
[2025-04-21 02:14:05] [DEBUG] <--|PKG 127.0.0.1:43482	Data: [R 3
]
[2025-04-21 02:14:05] [DEBUG] -------------New msg-------------
[2025-04-21 02:14:05] [DEBUG] <--|R 3
[2025-04-21 02:14:05] [DEBUG] |##>R 3
[2025-04-21 02:14:18] [DEBUG] <--|PKG 127.0.0.1:34708	Data: [R 1
]
[2025-04-21 02:14:18] [DEBUG] -------------New msg-------------
[2025-04-21 02:14:18] [DEBUG] <--|R 1
[2025-04-21 02:14:18] [DEBUG] |##>R 1
[2025-04-21 02:14:27] [DEBUG] <--|PKG 127.0.0.1:57016	Data: [R 2
]
[2025-04-21 02:14:27] [DEBUG] -------------New msg-------------
[2025-04-21 02:14:27] [DEBUG] <--|R 2
[2025-04-21 02:14:27] [DEBUG] |##>R 2
[2025-04-21 02:14:31] [DEBUG] <--|PKG 127.0.0.1:57022	Data: [R 0
]
[2025-04-21 02:14:31] [DEBUG] -------------New msg-------------
[2025-04-21 02:14:31] [DEBUG] <--|R 0
[2025-04-21 02:14:31] [DEBUG] |##>R 0
[2025-04-21 02:14:31] [INFO] Deck shuffled and table created
[2025-04-21 02:14:31] [DEBUG] |-->D 4 8 5
[2025-04-21 02:14:31] [DEBUG] |-->V 0 0 1
[2025-04-21 02:14:31] [DEBUG] |-->V 0 1 1
[2025-04-21 02:14:31] [DEBUG] |-->V 0 2 2
[2025-04-21 02:14:31] [DEBUG] |-->V 0 3 2
[2025-04-21 02:14:31] [DEBUG] |-->V 0 4 0
[2025-04-21 02:14:32] [DEBUG] |-->V 0 5 0
[2025-04-21 02:14:32] [DEBUG] |-->V 0 6 1
[2025-04-21 02:14:32] [DEBUG] |-->V 0 7 0
[2025-04-21 02:14:32] [DEBUG] |-->D 1 12 10
[2025-04-21 02:14:32] [DEBUG] |-->V 1 0 1
[2025-04-21 02:14:32] [DEBUG] |-->V 1 1 2
[2025-04-21 02:14:32] [DEBUG] |-->V 1 2 0
[2025-04-21 02:14:32] [DEBUG] |-->V 1 3 0
[2025-04-21 02:14:32] [DEBUG] |-->V 1 4 0
[2025-04-21 02:14:33] [DEBUG] |-->V 1 5 2
[2025-04-21 02:14:33] [DEBUG] |-->V 1 6 0
[2025-04-21 02:14:33] [DEBUG] |-->V 1 7 2
[2025-04-21 02:14:33] [DEBUG] |-->D 3 6 11
[2025-04-21 02:14:33] [DEBUG] |-->V 2 0 1
[2025-04-21 02:14:33] [DEBUG] |-->V 2 1 0
[2025-04-21 02:14:33] [DEBUG] |-->V 2 2 1
[2025-04-21 02:14:33] [DEBUG] |-->V 2 3 2
[2025-04-21 02:14:33] [DEBUG] |-->V 2 4 2
[2025-04-21 02:14:34] [DEBUG] |-->V 2 5 1
[2025-04-21 02:14:34] [DEBUG] |-->V 2 6 1
[2025-04-21 02:14:34] [DEBUG] |-->V 2 7 0
[2025-04-21 02:14:34] [DEBUG] |-->D 2 0 9
[2025-04-21 02:14:34] [DEBUG] |-->V 3 0 1
[2025-04-21 02:14:34] [DEBUG] |-->V 3 1 1
[2025-04-21 02:14:34] [DEBUG] |-->V 3 2 1
[2025-04-21 02:14:34] [DEBUG] |-->V 3 3 1
[2025-04-21 02:14:34] [DEBUG] |-->V 3 4 2
[2025-04-21 02:14:34] [DEBUG] |-->V 3 5 0
[2025-04-21 02:14:35] [DEBUG] |-->V 3 6 1
[2025-04-21 02:14:35] [DEBUG] |-->V 3 7 1
[2025-04-21 02:14:35] [DEBUG] |##>M 0
[2025-04-21 02:14:35] [INFO] __________________Game Restarted__________________
[2025-04-21 02:14:56] [DEBUG] <--|PKG 127.0.0.1:37500	Data: [G 0 7
]
[2025-04-21 02:14:56] [DEBUG] -------------New msg-------------
[2025-04-21 02:14:56] [DEBUG] <--|G 0 7 (Abgail, Sherlock Holmes)
[2025-04-21 02:14:56] [INFO] Player 0 (Abgail, Sherlock Holmes) found the guilty person
[2025-04-21 02:14:57] [DEBUG] <--|PKG 127.0.0.1:37506	Data: [R 0
]
[2025-04-21 02:14:57] [DEBUG] -------------New msg-------------
[2025-04-21 02:14:57] [DEBUG] <--|R 0
[2025-04-21 02:14:57] [DEBUG] |##>R 0
[2025-04-21 02:14:59] [DEBUG] <--|PKG 127.0.0.1:37522	Data: [R 2
]
[2025-04-21 02:14:59] [DEBUG] -------------New msg-------------
[2025-04-21 02:14:59] [DEBUG] <--|R 2
[2025-04-21 02:14:59] [DEBUG] |##>R 2
[2025-04-21 02:15:01] [DEBUG] <--|PKG 127.0.0.1:37538	Data: [R 3
]
[2025-04-21 02:15:01] [DEBUG] -------------New msg-------------
[2025-04-21 02:15:01] [DEBUG] <--|R 3
[2025-04-21 02:15:01] [DEBUG] |##>R 3
[2025-04-21 02:15:04] [DEBUG] <--|PKG 127.0.0.1:33266	Data: [R 1
]
[2025-04-21 02:15:04] [DEBUG] -------------New msg-------------
[2025-04-21 02:15:04] [DEBUG] <--|R 1
[2025-04-21 02:15:04] [DEBUG] |##>R 1
[2025-04-21 02:15:04] [INFO] Deck shuffled and table created
[2025-04-21 02:15:04] [DEBUG] |-->D 3 10 9
[2025-04-21 02:15:04] [DEBUG] |-->V 0 0 2
[2025-04-21 02:15:04] [DEBUG] |-->V 0 1 1
[2025-04-21 02:15:04] [DEBUG] |-->V 0 2 1
[2025-04-21 02:15:04] [DEBUG] |-->V 0 3 1
[2025-04-21 02:15:04] [DEBUG] |-->V 0 4 2
[2025-04-21 02:15:05] [DEBUG] |-->V 0 5 1
[2025-04-21 02:15:05] [DEBUG] |-->V 0 6 0
[2025-04-21 02:15:05] [DEBUG] |-->V 0 7 0
[2025-04-21 02:15:05] [DEBUG] |-->D 0 12 7
[2025-04-21 02:15:05] [DEBUG] |-->V 1 0 1
[2025-04-21 02:15:05] [DEBUG] |-->V 1 1 2
[2025-04-21 02:15:05] [DEBUG] |-->V 1 2 2
[2025-04-21 02:15:05] [DEBUG] |-->V 1 3 0
[2025-04-21 02:15:05] [DEBUG] |-->V 1 4 0
[2025-04-21 02:15:05] [DEBUG] |-->V 1 5 0
[2025-04-21 02:15:06] [DEBUG] |-->V 1 6 0
[2025-04-21 02:15:06] [DEBUG] |-->V 1 7 2
[2025-04-21 02:15:06] [DEBUG] |-->D 8 11 5
[2025-04-21 02:15:06] [DEBUG] |-->V 2 0 1
[2025-04-21 02:15:06] [DEBUG] |-->V 2 1 0
[2025-04-21 02:15:06] [DEBUG] |-->V 2 2 2
[2025-04-21 02:15:06] [DEBUG] |-->V 2 3 1
[2025-04-21 02:15:06] [DEBUG] |-->V 2 4 1
[2025-04-21 02:15:07] [DEBUG] |-->V 2 5 1
[2025-04-21 02:15:07] [DEBUG] |-->V 2 6 1
[2025-04-21 02:15:07] [DEBUG] |-->V 2 7 0
[2025-04-21 02:15:07] [DEBUG] |-->D 1 6 2
[2025-04-21 02:15:07] [DEBUG] |-->V 3 0 1
[2025-04-21 02:15:07] [DEBUG] |-->V 3 1 1
[2025-04-21 02:15:07] [DEBUG] |-->V 3 2 0
[2025-04-21 02:15:07] [DEBUG] |-->V 3 3 2
[2025-04-21 02:15:07] [DEBUG] |-->V 3 4 1
[2025-04-21 02:15:08] [DEBUG] |-->V 3 5 1
[2025-04-21 02:15:08] [DEBUG] |-->V 3 6 2
[2025-04-21 02:15:08] [DEBUG] |-->V 3 7 1
[2025-04-21 02:15:08] [DEBUG] |##>M 0
[2025-04-21 02:15:08] [INFO] __________________Game Restarted__________________
[2025-04-21 02:15:12] [DEBUG] <--|PKG 127.0.0.1:49314	Data: [G 0 4
]
[2025-04-21 02:15:12] [DEBUG] -------------New msg-------------
[2025-04-21 02:15:12] [DEBUG] <--|G 0 4 (Abgail, inspector Baynes)
[2025-04-21 02:15:12] [INFO] Player 0 (Abgail, inspector Baynes) found the guilty person
